SF:lib\login_bloc.dart
DA:3,1
DA:4,1
DA:6,2
DA:12,1
DA:13,1
LF:5
LH:5
end_of_record
SF:lib\main.dart
DA:4,0
DA:5,0
DA:9,1
DA:12,0
DA:14,0
DA:16,0
DA:26,0
DA:31,0
DA:32,0
DA:38,0
DA:39,0
DA:45,0
DA:49,0
DA:52,0
DA:53,0
DA:56,0
DA:58,0
DA:61,0
DA:63,0
DA:67,0
DA:68,0
DA:69,0
DA:74,0
DA:75,0
LF:24
LH:1
end_of_record
SF:lib\login.dart
DA:5,1
DA:7,0
DA:8,0
DA:14,0
DA:16,0
DA:18,0
DA:19,0
DA:21,0
DA:22,0
DA:23,0
DA:24,0
DA:26,0
DA:27,0
DA:33,0
DA:38,0
DA:40,0
DA:41,0
DA:42,0
DA:43,0
DA:48,0
DA:52,0
DA:55,0
DA:56,0
DA:61,0
DA:62,0
DA:65,0
DA:67,0
DA:70,0
DA:73,0
DA:74,0
DA:75,0
DA:76,0
DA:77,0
DA:78,0
DA:81,0
DA:83,0
DA:87,0
DA:90,0
LF:38
LH:1
end_of_record
